<?xml version="1.0" encoding="UTF-8" ?>
<testsuite tests="10" failures="0" name="com.microsoft.tfs.demo.ImageServiceTest" time="0.007" errors="0" skipped="0">
  <properties>
[...]
</properties>
  <testcase classname="com.microsoft.tfs.demo.ImageServiceTest" name="testGetImagesJupiter" time="0.005"/>
  <testcase classname="com.microsoft.tfs.demo.ImageServiceTest" name="getGetByNameNonExistent" time="0"/>
  <testcase classname="com.microsoft.tfs.demo.ImageServiceTest" name="getGetByNameSaturn" time="0"/>
  <testcase classname="com.microsoft.tfs.demo.ImageServiceTest" name="getGetByNameEarth" time="0"/>
  <testcase classname="com.microsoft.tfs.demo.ImageServiceTest" name="getGetByNameSun" time="0"/>
  <testcase classname="com.microsoft.tfs.demo.ImageServiceTest" name="testGetImagesSun" time="0"/>
  <testcase classname="com.microsoft.tfs.demo.ImageServiceTest" name="testGetImagesEarth" time="0"/>
  <testcase classname="com.microsoft.tfs.demo.ImageServiceTest" name="testGetImages" time="0.002"/>
  <testcase classname="com.microsoft.tfs.demo.ImageServiceTest" name="testGetImagesSaturn" time="0"/>
  <testcase classname="com.microsoft.tfs.demo.ImageServiceTest" name="getGetByNameJupiter" time="0"/>
</testsuite>